<?xml version="1.0" encoding="UTF-8"?>
<testsuite xmlns:xsi="http://www.w3.org/2001/XMLSchema-instance" xsi:noNamespaceSchemaLocation="https://maven.apache.org/surefire/maven-surefire-plugin/xsd/surefire-test-report.xsd" name="TestSuite" time="1.472" tests="6" errors="0" skipped="2" failures="4">
  <properties>
    <property name="java.specification.version" value="18"/>
    <property name="sun.cpu.isalist" value="amd64"/>
    <property name="sun.jnu.encoding" value="Cp1252"/>
    <property name="java.class.path" value="C:\Users\stelu\IdeaProjects\Helin_Internship\target\test-classes;C:\Users\stelu\IdeaProjects\Helin_Internship\target\classes;C:\Users\stelu\.m2\repository\org\seleniumhq\selenium\selenium-java\3.141.59\selenium-java-3.141.59.jar;C:\Users\stelu\.m2\repository\org\seleniumhq\selenium\selenium-api\3.141.59\selenium-api-3.141.59.jar;C:\Users\stelu\.m2\repository\org\seleniumhq\selenium\selenium-chrome-driver\3.141.59\selenium-chrome-driver-3.141.59.jar;C:\Users\stelu\.m2\repository\org\seleniumhq\selenium\selenium-edge-driver\3.141.59\selenium-edge-driver-3.141.59.jar;C:\Users\stelu\.m2\repository\org\seleniumhq\selenium\selenium-firefox-driver\3.141.59\selenium-firefox-driver-3.141.59.jar;C:\Users\stelu\.m2\repository\org\seleniumhq\selenium\selenium-ie-driver\3.141.59\selenium-ie-driver-3.141.59.jar;C:\Users\stelu\.m2\repository\org\seleniumhq\selenium\selenium-opera-driver\3.141.59\selenium-opera-driver-3.141.59.jar;C:\Users\stelu\.m2\repository\org\seleniumhq\selenium\selenium-remote-driver\3.141.59\selenium-remote-driver-3.141.59.jar;C:\Users\stelu\.m2\repository\org\seleniumhq\selenium\selenium-safari-driver\3.141.59\selenium-safari-driver-3.141.59.jar;C:\Users\stelu\.m2\repository\org\seleniumhq\selenium\selenium-support\3.141.59\selenium-support-3.141.59.jar;C:\Users\stelu\.m2\repository\net\bytebuddy\byte-buddy\1.8.15\byte-buddy-1.8.15.jar;C:\Users\stelu\.m2\repository\org\apache\commons\commons-exec\1.3\commons-exec-1.3.jar;C:\Users\stelu\.m2\repository\com\google\guava\guava\25.0-jre\guava-25.0-jre.jar;C:\Users\stelu\.m2\repository\com\google\code\findbugs\jsr305\1.3.9\jsr305-1.3.9.jar;C:\Users\stelu\.m2\repository\org\checkerframework\checker-compat-qual\2.0.0\checker-compat-qual-2.0.0.jar;C:\Users\stelu\.m2\repository\com\google\errorprone\error_prone_annotations\2.1.3\error_prone_annotations-2.1.3.jar;C:\Users\stelu\.m2\repository\com\google\j2objc\j2objc-annotations\1.1\j2objc-annotations-1.1.jar;C:\Users\stelu\.m2\repository\org\codehaus\mojo\animal-sniffer-annotations\1.14\animal-sniffer-annotations-1.14.jar;C:\Users\stelu\.m2\repository\com\squareup\okhttp3\okhttp\3.11.0\okhttp-3.11.0.jar;C:\Users\stelu\.m2\repository\com\squareup\okio\okio\1.14.0\okio-1.14.0.jar;C:\Users\stelu\.m2\repository\org\testng\testng\7.1.0\testng-7.1.0.jar;C:\Users\stelu\.m2\repository\com\beust\jcommander\1.72\jcommander-1.72.jar;C:\Users\stelu\.m2\repository\com\google\inject\guice\4.1.0\guice-4.1.0-no_aop.jar;C:\Users\stelu\.m2\repository\javax\inject\javax.inject\1\javax.inject-1.jar;C:\Users\stelu\.m2\repository\aopalliance\aopalliance\1.0\aopalliance-1.0.jar;C:\Users\stelu\.m2\repository\org\yaml\snakeyaml\1.21\snakeyaml-1.21.jar;C:\Users\stelu\.m2\repository\org\apache\logging\log4j\log4j-slf4j-impl\2.11.2\log4j-slf4j-impl-2.11.2.jar;C:\Users\stelu\.m2\repository\org\slf4j\slf4j-api\1.7.25\slf4j-api-1.7.25.jar;C:\Users\stelu\.m2\repository\org\apache\logging\log4j\log4j-api\2.11.2\log4j-api-2.11.2.jar;C:\Users\stelu\.m2\repository\org\apache\logging\log4j\log4j-core\2.11.2\log4j-core-2.11.2.jar;C:\Users\stelu\.m2\repository\com\relevantcodes\extentreports\2.41.2\extentreports-2.41.2.jar;C:\Users\stelu\.m2\repository\org\jsoup\jsoup\1.8.3\jsoup-1.8.3.jar;C:\Users\stelu\.m2\repository\org\xerial\sqlite-jdbc\3.8.11.1\sqlite-jdbc-3.8.11.1.jar;C:\Users\stelu\.m2\repository\org\freemarker\freemarker\2.3.23\freemarker-2.3.23.jar;C:\Users\stelu\.m2\repository\org\mongodb\mongodb-driver\3.0.4\mongodb-driver-3.0.4.jar;C:\Users\stelu\.m2\repository\org\mongodb\bson\3.0.4\bson-3.0.4.jar;C:\Users\stelu\.m2\repository\org\mongodb\mongodb-driver-core\3.0.4\mongodb-driver-core-3.0.4.jar;C:\Users\stelu\.m2\repository\commons-io\commons-io\2.5\commons-io-2.5.jar;C:\Users\stelu\.m2\repository\org\seleniumhq\selenium\selenium-server\3.141.59\selenium-server-3.141.59.jar;C:\Users\stelu\.m2\repository\net\jcip\jcip-annotations\1.0\jcip-annotations-1.0.jar;C:\Users\stelu\.m2\repository\org\seleniumhq\selenium\jetty-repacked\9.4.12.v20180830\jetty-repacked-9.4.12.v20180830.jar;C:\Users\stelu\.m2\repository\javax\servlet\javax.servlet-api\3.1.0\javax.servlet-api-3.1.0.jar;"/>
    <property name="java.vm.vendor" value="Amazon.com Inc."/>
    <property name="sun.arch.data.model" value="64"/>
    <property name="user.variant" value=""/>
    <property name="java.vendor.url" value="https://aws.amazon.com/corretto/"/>
    <property name="user.timezone" value="Europe/Bucharest"/>
    <property name="user.country.format" value="RO"/>
    <property name="os.name" value="Windows 11"/>
    <property name="java.vm.specification.version" value="18"/>
    <property name="sun.java.launcher" value="SUN_STANDARD"/>
    <property name="user.country" value="US"/>
    <property name="sun.boot.library.path" value="C:\Users\stelu\.jdks\corretto-18.0.2\bin"/>
    <property name="sun.java.command" value="C:\Users\stelu\AppData\Local\Temp\surefire17984315924071154309\surefirebooter10599822039305573884.jar C:\Users\stelu\AppData\Local\Temp\surefire17984315924071154309 2023-05-29T21-30-45_265-jvmRun1 surefire5436001648347796054tmp surefire_012784740937061821531tmp"/>
    <property name="jdk.debug" value="release"/>
    <property name="surefire.test.class.path" value="C:\Users\stelu\IdeaProjects\Helin_Internship\target\test-classes;C:\Users\stelu\IdeaProjects\Helin_Internship\target\classes;C:\Users\stelu\.m2\repository\org\seleniumhq\selenium\selenium-java\3.141.59\selenium-java-3.141.59.jar;C:\Users\stelu\.m2\repository\org\seleniumhq\selenium\selenium-api\3.141.59\selenium-api-3.141.59.jar;C:\Users\stelu\.m2\repository\org\seleniumhq\selenium\selenium-chrome-driver\3.141.59\selenium-chrome-driver-3.141.59.jar;C:\Users\stelu\.m2\repository\org\seleniumhq\selenium\selenium-edge-driver\3.141.59\selenium-edge-driver-3.141.59.jar;C:\Users\stelu\.m2\repository\org\seleniumhq\selenium\selenium-firefox-driver\3.141.59\selenium-firefox-driver-3.141.59.jar;C:\Users\stelu\.m2\repository\org\seleniumhq\selenium\selenium-ie-driver\3.141.59\selenium-ie-driver-3.141.59.jar;C:\Users\stelu\.m2\repository\org\seleniumhq\selenium\selenium-opera-driver\3.141.59\selenium-opera-driver-3.141.59.jar;C:\Users\stelu\.m2\repository\org\seleniumhq\selenium\selenium-remote-driver\3.141.59\selenium-remote-driver-3.141.59.jar;C:\Users\stelu\.m2\repository\org\seleniumhq\selenium\selenium-safari-driver\3.141.59\selenium-safari-driver-3.141.59.jar;C:\Users\stelu\.m2\repository\org\seleniumhq\selenium\selenium-support\3.141.59\selenium-support-3.141.59.jar;C:\Users\stelu\.m2\repository\net\bytebuddy\byte-buddy\1.8.15\byte-buddy-1.8.15.jar;C:\Users\stelu\.m2\repository\org\apache\commons\commons-exec\1.3\commons-exec-1.3.jar;C:\Users\stelu\.m2\repository\com\google\guava\guava\25.0-jre\guava-25.0-jre.jar;C:\Users\stelu\.m2\repository\com\google\code\findbugs\jsr305\1.3.9\jsr305-1.3.9.jar;C:\Users\stelu\.m2\repository\org\checkerframework\checker-compat-qual\2.0.0\checker-compat-qual-2.0.0.jar;C:\Users\stelu\.m2\repository\com\google\errorprone\error_prone_annotations\2.1.3\error_prone_annotations-2.1.3.jar;C:\Users\stelu\.m2\repository\com\google\j2objc\j2objc-annotations\1.1\j2objc-annotations-1.1.jar;C:\Users\stelu\.m2\repository\org\codehaus\mojo\animal-sniffer-annotations\1.14\animal-sniffer-annotations-1.14.jar;C:\Users\stelu\.m2\repository\com\squareup\okhttp3\okhttp\3.11.0\okhttp-3.11.0.jar;C:\Users\stelu\.m2\repository\com\squareup\okio\okio\1.14.0\okio-1.14.0.jar;C:\Users\stelu\.m2\repository\org\testng\testng\7.1.0\testng-7.1.0.jar;C:\Users\stelu\.m2\repository\com\beust\jcommander\1.72\jcommander-1.72.jar;C:\Users\stelu\.m2\repository\com\google\inject\guice\4.1.0\guice-4.1.0-no_aop.jar;C:\Users\stelu\.m2\repository\javax\inject\javax.inject\1\javax.inject-1.jar;C:\Users\stelu\.m2\repository\aopalliance\aopalliance\1.0\aopalliance-1.0.jar;C:\Users\stelu\.m2\repository\org\yaml\snakeyaml\1.21\snakeyaml-1.21.jar;C:\Users\stelu\.m2\repository\org\apache\logging\log4j\log4j-slf4j-impl\2.11.2\log4j-slf4j-impl-2.11.2.jar;C:\Users\stelu\.m2\repository\org\slf4j\slf4j-api\1.7.25\slf4j-api-1.7.25.jar;C:\Users\stelu\.m2\repository\org\apache\logging\log4j\log4j-api\2.11.2\log4j-api-2.11.2.jar;C:\Users\stelu\.m2\repository\org\apache\logging\log4j\log4j-core\2.11.2\log4j-core-2.11.2.jar;C:\Users\stelu\.m2\repository\com\relevantcodes\extentreports\2.41.2\extentreports-2.41.2.jar;C:\Users\stelu\.m2\repository\org\jsoup\jsoup\1.8.3\jsoup-1.8.3.jar;C:\Users\stelu\.m2\repository\org\xerial\sqlite-jdbc\3.8.11.1\sqlite-jdbc-3.8.11.1.jar;C:\Users\stelu\.m2\repository\org\freemarker\freemarker\2.3.23\freemarker-2.3.23.jar;C:\Users\stelu\.m2\repository\org\mongodb\mongodb-driver\3.0.4\mongodb-driver-3.0.4.jar;C:\Users\stelu\.m2\repository\org\mongodb\bson\3.0.4\bson-3.0.4.jar;C:\Users\stelu\.m2\repository\org\mongodb\mongodb-driver-core\3.0.4\mongodb-driver-core-3.0.4.jar;C:\Users\stelu\.m2\repository\commons-io\commons-io\2.5\commons-io-2.5.jar;C:\Users\stelu\.m2\repository\org\seleniumhq\selenium\selenium-server\3.141.59\selenium-server-3.141.59.jar;C:\Users\stelu\.m2\repository\net\jcip\jcip-annotations\1.0\jcip-annotations-1.0.jar;C:\Users\stelu\.m2\repository\org\seleniumhq\selenium\jetty-repacked\9.4.12.v20180830\jetty-repacked-9.4.12.v20180830.jar;C:\Users\stelu\.m2\repository\javax\servlet\javax.servlet-api\3.1.0\javax.servlet-api-3.1.0.jar;"/>
    <property name="sun.cpu.endian" value="little"/>
    <property name="user.home" value="C:\Users\stelu"/>
    <property name="user.language" value="en"/>
    <property name="java.specification.vendor" value="Oracle Corporation"/>
    <property name="java.version.date" value="2022-07-19"/>
    <property name="java.home" value="C:\Users\stelu\.jdks\corretto-18.0.2"/>
    <property name="file.separator" value="\"/>
    <property name="basedir" value="C:\Users\stelu\IdeaProjects\Helin_Internship"/>
    <property name="java.vm.compressedOopsMode" value="Zero based"/>
    <property name="line.separator" value="&#10;"/>
    <property name="java.vm.specification.vendor" value="Oracle Corporation"/>
    <property name="java.specification.name" value="Java Platform API Specification"/>
    <property name="surefire.real.class.path" value="C:\Users\stelu\AppData\Local\Temp\surefire17984315924071154309\surefirebooter10599822039305573884.jar"/>
    <property name="user.script" value=""/>
    <property name="sun.management.compiler" value="HotSpot 64-Bit Tiered Compilers"/>
    <property name="java.runtime.version" value="18.0.2+9-FR"/>
    <property name="user.name" value="stelu"/>
    <property name="path.separator" value=";"/>
    <property name="os.version" value="10.0"/>
    <property name="java.runtime.name" value="OpenJDK Runtime Environment"/>
    <property name="file.encoding" value="UTF-8"/>
    <property name="java.vm.name" value="OpenJDK 64-Bit Server VM"/>
    <property name="java.vendor.version" value="Corretto-18.0.2.9.1"/>
    <property name="localRepository" value="C:\Users\stelu\.m2\repository"/>
    <property name="java.vendor.url.bug" value="https://github.com/corretto/corretto-18/issues/"/>
    <property name="java.io.tmpdir" value="C:\Users\stelu\AppData\Local\Temp\"/>
    <property name="idea.version" value="2022.3"/>
    <property name="java.version" value="18.0.2"/>
    <property name="user.dir" value="C:\Users\stelu\IdeaProjects\Helin_Internship"/>
    <property name="os.arch" value="amd64"/>
    <property name="java.vm.specification.name" value="Java Virtual Machine Specification"/>
    <property name="user.language.format" value="ro"/>
    <property name="sun.os.patch.level" value=""/>
    <property name="native.encoding" value="Cp1252"/>
    <property name="java.library.path" value="C:\Users\stelu\.jdks\corretto-18.0.2\bin;C:\Windows\Sun\Java\bin;C:\Windows\system32;C:\Windows;C:\Program Files\Common Files\Oracle\Java\javapath;C:\Windows\system32;C:\Windows;C:\Windows\System32\Wbem;C:\Windows\System32\WindowsPowerShell\v1.0\;C:\Windows\System32\OpenSSH\;C:\Program Files\Git\cmd;C:\Users\stelu\AppData\Local\Microsoft\WindowsApps;C:\Program Files\JetBrains\IntelliJ IDEA 2022.3\bin;C:\Program Files\JetBrains\IntelliJ IDEA Community Edition 2022.3\bin;C:\Users\stelu\AppData\Local\Programs\Microsoft VS Code\bin;C:\Users\stelu\AppData\Local\gitkraken\bin;."/>
    <property name="java.vm.info" value="mixed mode, sharing"/>
    <property name="java.vendor" value="Amazon.com Inc."/>
    <property name="java.vm.version" value="18.0.2+9-FR"/>
    <property name="sun.io.unicode.encoding" value="UnicodeLittle"/>
    <property name="java.class.version" value="62.0"/>
  </properties>
  <testcase name="setup" classname="tests.LoginPageTest" time="0.901">
    <failure message="session not created: This version of ChromeDriver only supports Chrome version 110&#10;Current browser version is 113.0.5672.127 with binary path C:\Program Files\Google\Chrome\Application\chrome.exe&#10;Build info: version: &apos;3.141.59&apos;, revision: &apos;e82be7d358&apos;, time: &apos;2018-11-14T08:17:03&apos;&#10;System info: host: &apos;DANA-PC&apos;, ip: &apos;192.168.0.191&apos;, os.name: &apos;Windows 11&apos;, os.arch: &apos;amd64&apos;, os.version: &apos;10.0&apos;, java.version: &apos;18.0.2&apos;&#10;Driver info: driver.version: ChromeDriver&#10;remote stacktrace: Backtrace:&#10;	(No symbol) [0x012137D3]&#10;	(No symbol) [0x011A8B81]&#10;	(No symbol) [0x010AB36D]&#10;	(No symbol) [0x010CED6D]&#10;	(No symbol) [0x010C9B90]&#10;	(No symbol) [0x010C6FC9]&#10;	(No symbol) [0x01101ED5]&#10;	(No symbol) [0x01101B2C]&#10;	(No symbol) [0x010FB216]&#10;	(No symbol) [0x010D0D97]&#10;	(No symbol) [0x010D253D]&#10;	GetHandleVerifier [0x0148ABF2+2510930]&#10;	GetHandleVerifier [0x014B8EC1+2700065]&#10;	GetHandleVerifier [0x014BC86C+2714828]&#10;	GetHandleVerifier [0x012C3480+645344]&#10;	(No symbol) [0x011B0FD2]&#10;	(No symbol) [0x011B6C68]&#10;	(No symbol) [0x011B6D4B]&#10;	(No symbol) [0x011C0D6B]&#10;	BaseThreadInitThunk [0x75F47D59+25]&#10;	RtlInitializeExceptionChain [0x77E8B74B+107]&#10;	RtlClearBits [0x77E8B6CF+191]&#10;" type="org.openqa.selenium.SessionNotCreatedException">org.openqa.selenium.SessionNotCreatedException: 
session not created: This version of ChromeDriver only supports Chrome version 110
Current browser version is 113.0.5672.127 with binary path C:\Program Files\Google\Chrome\Application\chrome.exe
Build info: version: '3.141.59', revision: 'e82be7d358', time: '2018-11-14T08:17:03'
System info: host: 'DANA-PC', ip: '192.168.0.191', os.name: 'Windows 11', os.arch: 'amd64', os.version: '10.0', java.version: '18.0.2'
Driver info: driver.version: ChromeDriver
remote stacktrace: Backtrace:
	(No symbol) [0x012137D3]
	(No symbol) [0x011A8B81]
	(No symbol) [0x010AB36D]
	(No symbol) [0x010CED6D]
	(No symbol) [0x010C9B90]
	(No symbol) [0x010C6FC9]
	(No symbol) [0x01101ED5]
	(No symbol) [0x01101B2C]
	(No symbol) [0x010FB216]
	(No symbol) [0x010D0D97]
	(No symbol) [0x010D253D]
	GetHandleVerifier [0x0148ABF2+2510930]
	GetHandleVerifier [0x014B8EC1+2700065]
	GetHandleVerifier [0x014BC86C+2714828]
	GetHandleVerifier [0x012C3480+645344]
	(No symbol) [0x011B0FD2]
	(No symbol) [0x011B6C68]
	(No symbol) [0x011B6D4B]
	(No symbol) [0x011C0D6B]
	BaseThreadInitThunk [0x75F47D59+25]
	RtlInitializeExceptionChain [0x77E8B74B+107]
	RtlClearBits [0x77E8B6CF+191]

</failure>
    <system-err><![CDATA[Starting ChromeDriver 110.0.5481.77 (65ed616c6e8ee3fe0ad64fe83796c020644d42af-refs/branch-heads/5481@{#839}) on port 65472
Only local connections are allowed.
Please see https://chromedriver.chromium.org/security-considerations for suggestions on keeping ChromeDriver safe.
ChromeDriver was started successfully.
]]></system-err>
  </testcase>
  <testcase name="setup" classname="tests.LoginPageTest" time="0.52">
    <failure message="session not created: This version of ChromeDriver only supports Chrome version 110&#10;Current browser version is 113.0.5672.127 with binary path C:\Program Files\Google\Chrome\Application\chrome.exe&#10;Build info: version: &apos;3.141.59&apos;, revision: &apos;e82be7d358&apos;, time: &apos;2018-11-14T08:17:03&apos;&#10;System info: host: &apos;DANA-PC&apos;, ip: &apos;192.168.0.191&apos;, os.name: &apos;Windows 11&apos;, os.arch: &apos;amd64&apos;, os.version: &apos;10.0&apos;, java.version: &apos;18.0.2&apos;&#10;Driver info: driver.version: ChromeDriver&#10;remote stacktrace: Backtrace:&#10;	(No symbol) [0x012137D3]&#10;	(No symbol) [0x011A8B81]&#10;	(No symbol) [0x010AB36D]&#10;	(No symbol) [0x010CED6D]&#10;	(No symbol) [0x010C9B90]&#10;	(No symbol) [0x010C6FC9]&#10;	(No symbol) [0x01101ED5]&#10;	(No symbol) [0x01101B2C]&#10;	(No symbol) [0x010FB216]&#10;	(No symbol) [0x010D0D97]&#10;	(No symbol) [0x010D253D]&#10;	GetHandleVerifier [0x0148ABF2+2510930]&#10;	GetHandleVerifier [0x014B8EC1+2700065]&#10;	GetHandleVerifier [0x014BC86C+2714828]&#10;	GetHandleVerifier [0x012C3480+645344]&#10;	(No symbol) [0x011B0FD2]&#10;	(No symbol) [0x011B6C68]&#10;	(No symbol) [0x011B6D4B]&#10;	(No symbol) [0x011C0D6B]&#10;	BaseThreadInitThunk [0x75F47D59+25]&#10;	RtlInitializeExceptionChain [0x77E8B74B+107]&#10;	RtlClearBits [0x77E8B6CF+191]&#10;" type="org.openqa.selenium.SessionNotCreatedException">org.openqa.selenium.SessionNotCreatedException: 
session not created: This version of ChromeDriver only supports Chrome version 110
Current browser version is 113.0.5672.127 with binary path C:\Program Files\Google\Chrome\Application\chrome.exe
Build info: version: '3.141.59', revision: 'e82be7d358', time: '2018-11-14T08:17:03'
System info: host: 'DANA-PC', ip: '192.168.0.191', os.name: 'Windows 11', os.arch: 'amd64', os.version: '10.0', java.version: '18.0.2'
Driver info: driver.version: ChromeDriver
remote stacktrace: Backtrace:
	(No symbol) [0x012137D3]
	(No symbol) [0x011A8B81]
	(No symbol) [0x010AB36D]
	(No symbol) [0x010CED6D]
	(No symbol) [0x010C9B90]
	(No symbol) [0x010C6FC9]
	(No symbol) [0x01101ED5]
	(No symbol) [0x01101B2C]
	(No symbol) [0x010FB216]
	(No symbol) [0x010D0D97]
	(No symbol) [0x010D253D]
	GetHandleVerifier [0x0148ABF2+2510930]
	GetHandleVerifier [0x014B8EC1+2700065]
	GetHandleVerifier [0x014BC86C+2714828]
	GetHandleVerifier [0x012C3480+645344]
	(No symbol) [0x011B0FD2]
	(No symbol) [0x011B6C68]
	(No symbol) [0x011B6D4B]
	(No symbol) [0x011C0D6B]
	BaseThreadInitThunk [0x75F47D59+25]
	RtlInitializeExceptionChain [0x77E8B74B+107]
	RtlClearBits [0x77E8B6CF+191]

</failure>
    <system-err><![CDATA[Starting ChromeDriver 110.0.5481.77 (65ed616c6e8ee3fe0ad64fe83796c020644d42af-refs/branch-heads/5481@{#839}) on port 51438
Only local connections are allowed.
Please see https://chromedriver.chromium.org/security-considerations for suggestions on keeping ChromeDriver safe.
ChromeDriver was started successfully.
]]></system-err>
  </testcase>
  <testcase name="verifyLogin" classname="tests.LoginPageTest" time="0">
    <skipped message="session not created: This version of ChromeDriver only supports Chrome version 110&#10;Current browser version is 113.0.5672.127 with binary path C:\Program Files\Google\Chrome\Application\chrome.exe&#10;Build info: version: &apos;3.141.59&apos;, revision: &apos;e82be7d358&apos;, time: &apos;2018-11-14T08:17:03&apos;&#10;System info: host: &apos;DANA-PC&apos;, ip: &apos;192.168.0.191&apos;, os.name: &apos;Windows 11&apos;, os.arch: &apos;amd64&apos;, os.version: &apos;10.0&apos;, java.version: &apos;18.0.2&apos;&#10;Driver info: driver.version: ChromeDriver&#10;remote stacktrace: Backtrace:&#10;	(No symbol) [0x012137D3]&#10;	(No symbol) [0x011A8B81]&#10;	(No symbol) [0x010AB36D]&#10;	(No symbol) [0x010CED6D]&#10;	(No symbol) [0x010C9B90]&#10;	(No symbol) [0x010C6FC9]&#10;	(No symbol) [0x01101ED5]&#10;	(No symbol) [0x01101B2C]&#10;	(No symbol) [0x010FB216]&#10;	(No symbol) [0x010D0D97]&#10;	(No symbol) [0x010D253D]&#10;	GetHandleVerifier [0x0148ABF2+2510930]&#10;	GetHandleVerifier [0x014B8EC1+2700065]&#10;	GetHandleVerifier [0x014BC86C+2714828]&#10;	GetHandleVerifier [0x012C3480+645344]&#10;	(No symbol) [0x011B0FD2]&#10;	(No symbol) [0x011B6C68]&#10;	(No symbol) [0x011B6D4B]&#10;	(No symbol) [0x011C0D6B]&#10;	BaseThreadInitThunk [0x75F47D59+25]&#10;	RtlInitializeExceptionChain [0x77E8B74B+107]&#10;	RtlClearBits [0x77E8B6CF+191]&#10;"/>
  </testcase>
  <testcase name="tearDown" classname="tests.LoginPageTest" time="0.001">
    <failure message="Cannot invoke &quot;org.openqa.selenium.WebDriver.quit()&quot; because &quot;pages.BasePage.driver_local&quot; is null" type="java.lang.NullPointerException">java.lang.NullPointerException: Cannot invoke "org.openqa.selenium.WebDriver.quit()" because "pages.BasePage.driver_local" is null
</failure>
  </testcase>
  <testcase name="tearDown" classname="tests.LoginPageTest" time="0.001">
    <failure message="Cannot invoke &quot;org.openqa.selenium.WebDriver.quit()&quot; because &quot;pages.BasePage.driver_local&quot; is null" type="java.lang.NullPointerException">java.lang.NullPointerException: Cannot invoke "org.openqa.selenium.WebDriver.quit()" because "pages.BasePage.driver_local" is null
</failure>
  </testcase>
  <testcase name="verifyCreateAccount" classname="tests.LoginPageTest" time="0">
    <skipped message="session not created: This version of ChromeDriver only supports Chrome version 110&#10;Current browser version is 113.0.5672.127 with binary path C:\Program Files\Google\Chrome\Application\chrome.exe&#10;Build info: version: &apos;3.141.59&apos;, revision: &apos;e82be7d358&apos;, time: &apos;2018-11-14T08:17:03&apos;&#10;System info: host: &apos;DANA-PC&apos;, ip: &apos;192.168.0.191&apos;, os.name: &apos;Windows 11&apos;, os.arch: &apos;amd64&apos;, os.version: &apos;10.0&apos;, java.version: &apos;18.0.2&apos;&#10;Driver info: driver.version: ChromeDriver&#10;remote stacktrace: Backtrace:&#10;	(No symbol) [0x012137D3]&#10;	(No symbol) [0x011A8B81]&#10;	(No symbol) [0x010AB36D]&#10;	(No symbol) [0x010CED6D]&#10;	(No symbol) [0x010C9B90]&#10;	(No symbol) [0x010C6FC9]&#10;	(No symbol) [0x01101ED5]&#10;	(No symbol) [0x01101B2C]&#10;	(No symbol) [0x010FB216]&#10;	(No symbol) [0x010D0D97]&#10;	(No symbol) [0x010D253D]&#10;	GetHandleVerifier [0x0148ABF2+2510930]&#10;	GetHandleVerifier [0x014B8EC1+2700065]&#10;	GetHandleVerifier [0x014BC86C+2714828]&#10;	GetHandleVerifier [0x012C3480+645344]&#10;	(No symbol) [0x011B0FD2]&#10;	(No symbol) [0x011B6C68]&#10;	(No symbol) [0x011B6D4B]&#10;	(No symbol) [0x011C0D6B]&#10;	BaseThreadInitThunk [0x75F47D59+25]&#10;	RtlInitializeExceptionChain [0x77E8B74B+107]&#10;	RtlClearBits [0x77E8B6CF+191]&#10;"/>
  </testcase>
</testsuite>