<?xml version="1.0" encoding="UTF-8"?>
<!-- Generated by org.testng.reporters.JUnitReportReporter -->
<testsuite hostname="DESKTOP-5HN6HEO" failures="0" tests="2" name="tests.LoginPageTest" time="17.776" errors="0" timestamp="2023-05-25T21:32:01 EEST" skipped="0">
  <testcase classname="tests.LoginPageTest" name="verifyCreateAccount" time="9.781"/>
  <system-out/>
  <testcase classname="tests.LoginPageTest" name="verifyLogin" time="7.995"/>
  <system-out/>
</testsuite> <!-- tests.LoginPageTest -->
